<?xml version="1.0" encoding="UTF-8"?>
<testng-results ignored="0" total="8" passed="8" failed="0" skipped="0">
  <reporter-output>
  </reporter-output>
  <suite started-at="2026-02-25T23:56:12 IST" name="CP2 Suite" finished-at="2026-02-25T23:57:25 IST" duration-ms="72718">
    <groups>
    </groups>
    <test started-at="2026-02-25T23:56:12 IST" name="Ecommerce Tests" finished-at="2026-02-25T23:57:25 IST" duration-ms="72718">
      <class name="tests.LoginTest">
        <test-method is-config="true" signature="setupReport()[pri:0, instance:tests.LoginTest@77f80c04]" started-at="2026-02-25T23:56:12 IST" name="setupReport" finished-at="2026-02-25T23:56:12 IST" duration-ms="594" status="PASS">
          <reporter-output>
          </reporter-output>
        </test-method> <!-- setupReport -->
        <test-method is-config="true" signature="setUp(java.lang.reflect.Method)[pri:0, instance:tests.LoginTest@77f80c04]" started-at="2026-02-25T23:56:12 IST" name="setUp" finished-at="2026-02-25T23:56:24 IST" duration-ms="11404" status="PASS">
          <params>
            <param index="0">
              <value>
                <![CDATA[public void tests.LoginTest.TC_001_ValidLogin()]]>
              </value>
            </param>
          </params>
          <reporter-output>
          </reporter-output>
        </test-method> <!-- setUp -->
        <test-method signature="TC_001_ValidLogin()[pri:0, instance:tests.LoginTest@77f80c04]" started-at="2026-02-25T23:56:24 IST" name="TC_001_ValidLogin" finished-at="2026-02-25T23:56:25 IST" duration-ms="1139" status="PASS">
          <reporter-output>
          </reporter-output>
        </test-method> <!-- TC_001_ValidLogin -->
        <test-method is-config="true" signature="tearDown(org.testng.ITestResult)[pri:0, instance:tests.LoginTest@77f80c04]" started-at="2026-02-25T23:56:25 IST" name="tearDown" finished-at="2026-02-25T23:56:26 IST" duration-ms="478" status="PASS">
          <params>
            <param index="0">
              <value>
                <![CDATA[[TestResult name=TC_001_ValidLogin status=SUCCESS method=LoginTest.TC_001_ValidLogin()[pri:0, instance:tests.LoginTest@77f80c04] output={null}]]]>
              </value>
            </param>
          </params>
          <reporter-output>
          </reporter-output>
        </test-method> <!-- tearDown -->
        <test-method is-config="true" signature="setUp(java.lang.reflect.Method)[pri:0, instance:tests.LoginTest@77f80c04]" started-at="2026-02-25T23:56:26 IST" name="setUp" finished-at="2026-02-25T23:56:27 IST" duration-ms="1858" status="PASS">
          <params>
            <param index="0">
              <value>
                <![CDATA[public void tests.LoginTest.TC_002_InvalidPassword()]]>
              </value>
            </param>
          </params>
          <reporter-output>
          </reporter-output>
        </test-method> <!-- setUp -->
        <test-method signature="TC_002_InvalidPassword()[pri:0, instance:tests.LoginTest@77f80c04]" started-at="2026-02-25T23:56:27 IST" name="TC_002_InvalidPassword" finished-at="2026-02-25T23:56:38 IST" duration-ms="10889" status="PASS">
          <reporter-output>
          </reporter-output>
        </test-method> <!-- TC_002_InvalidPassword -->
        <test-method is-config="true" signature="tearDown(org.testng.ITestResult)[pri:0, instance:tests.LoginTest@77f80c04]" started-at="2026-02-25T23:56:38 IST" name="tearDown" finished-at="2026-02-25T23:56:39 IST" duration-ms="238" status="PASS">
          <params>
            <param index="0">
              <value>
                <![CDATA[[TestResult name=TC_002_InvalidPassword status=SUCCESS method=LoginTest.TC_002_InvalidPassword()[pri:0, instance:tests.LoginTest@77f80c04] output={null}]]]>
              </value>
            </param>
          </params>
          <reporter-output>
          </reporter-output>
        </test-method> <!-- tearDown -->
        <test-method is-config="true" signature="setUp(java.lang.reflect.Method)[pri:0, instance:tests.LoginTest@77f80c04]" started-at="2026-02-25T23:56:39 IST" name="setUp" finished-at="2026-02-25T23:56:44 IST" duration-ms="5174" status="PASS">
          <params>
            <param index="0">
              <value>
                <![CDATA[public void tests.LoginTest.TC_003_EmptyPassword()]]>
              </value>
            </param>
          </params>
          <reporter-output>
          </reporter-output>
        </test-method> <!-- setUp -->
        <test-method signature="TC_003_EmptyPassword()[pri:0, instance:tests.LoginTest@77f80c04]" started-at="2026-02-25T23:56:44 IST" name="TC_003_EmptyPassword" finished-at="2026-02-25T23:56:45 IST" duration-ms="947" status="PASS">
          <reporter-output>
          </reporter-output>
        </test-method> <!-- TC_003_EmptyPassword -->
        <test-method is-config="true" signature="tearDown(org.testng.ITestResult)[pri:0, instance:tests.LoginTest@77f80c04]" started-at="2026-02-25T23:56:45 IST" name="tearDown" finished-at="2026-02-25T23:56:45 IST" duration-ms="225" status="PASS">
          <params>
            <param index="0">
              <value>
                <![CDATA[[TestResult name=TC_003_EmptyPassword status=SUCCESS method=LoginTest.TC_003_EmptyPassword()[pri:0, instance:tests.LoginTest@77f80c04] output={null}]]]>
              </value>
            </param>
          </params>
          <reporter-output>
          </reporter-output>
        </test-method> <!-- tearDown -->
        <test-method is-config="true" signature="flushReport()[pri:0, instance:tests.LoginTest@77f80c04]" started-at="2026-02-25T23:57:25 IST" name="flushReport" finished-at="2026-02-25T23:57:26 IST" duration-ms="501" status="PASS">
          <reporter-output>
          </reporter-output>
        </test-method> <!-- flushReport -->
      </class> <!-- tests.LoginTest -->
      <class name="tests.AddToCartTest">
        <test-method is-config="true" signature="setUp(java.lang.reflect.Method)[pri:0, instance:tests.AddToCartTest@63070bab]" started-at="2026-02-25T23:56:45 IST" name="setUp" finished-at="2026-02-25T23:56:47 IST" duration-ms="1853" status="PASS">
          <params>
            <param index="0">
              <value>
                <![CDATA[public void tests.AddToCartTest.TC_004_AddSingleItem()]]>
              </value>
            </param>
          </params>
          <reporter-output>
          </reporter-output>
        </test-method> <!-- setUp -->
        <test-method signature="TC_004_AddSingleItem()[pri:0, instance:tests.AddToCartTest@63070bab]" started-at="2026-02-25T23:56:47 IST" name="TC_004_AddSingleItem" finished-at="2026-02-25T23:56:52 IST" duration-ms="5528" status="PASS">
          <reporter-output>
          </reporter-output>
        </test-method> <!-- TC_004_AddSingleItem -->
        <test-method is-config="true" signature="tearDown(org.testng.ITestResult)[pri:0, instance:tests.AddToCartTest@63070bab]" started-at="2026-02-25T23:56:52 IST" name="tearDown" finished-at="2026-02-25T23:56:53 IST" duration-ms="263" status="PASS">
          <params>
            <param index="0">
              <value>
                <![CDATA[[TestResult name=TC_004_AddSingleItem status=SUCCESS method=AddToCartTest.TC_004_AddSingleItem()[pri:0, instance:tests.AddToCartTest@63070bab] output={null}]]]>
              </value>
            </param>
          </params>
          <reporter-output>
          </reporter-output>
        </test-method> <!-- tearDown -->
        <test-method is-config="true" signature="setUp(java.lang.reflect.Method)[pri:0, instance:tests.AddToCartTest@63070bab]" started-at="2026-02-25T23:56:53 IST" name="setUp" finished-at="2026-02-25T23:56:54 IST" duration-ms="1716" status="PASS">
          <params>
            <param index="0">
              <value>
                <![CDATA[public void tests.AddToCartTest.TC_005_AddMultipleItems_VerifyCartCount()]]>
              </value>
            </param>
          </params>
          <reporter-output>
          </reporter-output>
        </test-method> <!-- setUp -->
        <test-method signature="TC_005_AddMultipleItems_VerifyCartCount()[pri:0, instance:tests.AddToCartTest@63070bab]" started-at="2026-02-25T23:56:54 IST" name="TC_005_AddMultipleItems_VerifyCartCount" finished-at="2026-02-25T23:56:59 IST" duration-ms="5028" status="PASS">
          <reporter-output>
          </reporter-output>
        </test-method> <!-- TC_005_AddMultipleItems_VerifyCartCount -->
        <test-method is-config="true" signature="tearDown(org.testng.ITestResult)[pri:0, instance:tests.AddToCartTest@63070bab]" started-at="2026-02-25T23:56:59 IST" name="tearDown" finished-at="2026-02-25T23:57:00 IST" duration-ms="271" status="PASS">
          <params>
            <param index="0">
              <value>
                <![CDATA[[TestResult name=TC_005_AddMultipleItems_VerifyCartCount status=SUCCESS method=AddToCartTest.TC_005_AddMultipleItems_VerifyCartCount()[pri:0, instance:tests.AddToCartTest@63070bab] output={null}]]]>
              </value>
            </param>
          </params>
          <reporter-output>
          </reporter-output>
        </test-method> <!-- tearDown -->
        <test-method is-config="true" signature="setUp(java.lang.reflect.Method)[pri:0, instance:tests.AddToCartTest@63070bab]" started-at="2026-02-25T23:57:00 IST" name="setUp" finished-at="2026-02-25T23:57:02 IST" duration-ms="2241" status="PASS">
          <params>
            <param index="0">
              <value>
                <![CDATA[public void tests.AddToCartTest.TC_006_RemoveItemFromCart()]]>
              </value>
            </param>
          </params>
          <reporter-output>
          </reporter-output>
        </test-method> <!-- setUp -->
        <test-method signature="TC_006_RemoveItemFromCart()[pri:0, instance:tests.AddToCartTest@63070bab]" started-at="2026-02-25T23:57:02 IST" name="TC_006_RemoveItemFromCart" finished-at="2026-02-25T23:57:07 IST" duration-ms="5467" status="PASS">
          <reporter-output>
          </reporter-output>
        </test-method> <!-- TC_006_RemoveItemFromCart -->
        <test-method is-config="true" signature="tearDown(org.testng.ITestResult)[pri:0, instance:tests.AddToCartTest@63070bab]" started-at="2026-02-25T23:57:07 IST" name="tearDown" finished-at="2026-02-25T23:57:08 IST" duration-ms="271" status="PASS">
          <params>
            <param index="0">
              <value>
                <![CDATA[[TestResult name=TC_006_RemoveItemFromCart status=SUCCESS method=AddToCartTest.TC_006_RemoveItemFromCart()[pri:0, instance:tests.AddToCartTest@63070bab] output={null}]]]>
              </value>
            </param>
          </params>
          <reporter-output>
          </reporter-output>
        </test-method> <!-- tearDown -->
      </class> <!-- tests.AddToCartTest -->
      <class name="tests.CheckoutTest">
        <test-method is-config="true" signature="setUp(java.lang.reflect.Method)[pri:0, instance:tests.CheckoutTest@68e5eea7]" started-at="2026-02-25T23:57:08 IST" name="setUp" finished-at="2026-02-25T23:57:13 IST" duration-ms="5875" status="PASS">
          <params>
            <param index="0">
              <value>
                <![CDATA[public void tests.CheckoutTest.TC_007_PlaceOrderWithValidDetails()]]>
              </value>
            </param>
          </params>
          <reporter-output>
          </reporter-output>
        </test-method> <!-- setUp -->
        <test-method signature="TC_007_PlaceOrderWithValidDetails()[pri:0, instance:tests.CheckoutTest@68e5eea7]" started-at="2026-02-25T23:57:13 IST" name="TC_007_PlaceOrderWithValidDetails" finished-at="2026-02-25T23:57:17 IST" duration-ms="3735" status="PASS">
          <reporter-output>
          </reporter-output>
        </test-method> <!-- TC_007_PlaceOrderWithValidDetails -->
        <test-method is-config="true" signature="tearDown(org.testng.ITestResult)[pri:0, instance:tests.CheckoutTest@68e5eea7]" started-at="2026-02-25T23:57:17 IST" name="tearDown" finished-at="2026-02-25T23:57:17 IST" duration-ms="256" status="PASS">
          <params>
            <param index="0">
              <value>
                <![CDATA[[TestResult name=TC_007_PlaceOrderWithValidDetails status=SUCCESS method=CheckoutTest.TC_007_PlaceOrderWithValidDetails()[pri:0, instance:tests.CheckoutTest@68e5eea7] output={null}]]]>
              </value>
            </param>
          </params>
          <reporter-output>
          </reporter-output>
        </test-method> <!-- tearDown -->
        <test-method is-config="true" signature="setUp(java.lang.reflect.Method)[pri:0, instance:tests.CheckoutTest@68e5eea7]" started-at="2026-02-25T23:57:17 IST" name="setUp" finished-at="2026-02-25T23:57:19 IST" duration-ms="1617" status="PASS">
          <params>
            <param index="0">
              <value>
                <![CDATA[public void tests.CheckoutTest.TC_008_CheckoutWithoutAddingItems()]]>
              </value>
            </param>
          </params>
          <reporter-output>
          </reporter-output>
        </test-method> <!-- setUp -->
        <test-method signature="TC_008_CheckoutWithoutAddingItems()[pri:0, instance:tests.CheckoutTest@68e5eea7]" started-at="2026-02-25T23:57:19 IST" name="TC_008_CheckoutWithoutAddingItems" finished-at="2026-02-25T23:57:25 IST" duration-ms="5818" status="PASS">
          <reporter-output>
          </reporter-output>
        </test-method> <!-- TC_008_CheckoutWithoutAddingItems -->
        <test-method is-config="true" signature="tearDown(org.testng.ITestResult)[pri:0, instance:tests.CheckoutTest@68e5eea7]" started-at="2026-02-25T23:57:25 IST" name="tearDown" finished-at="2026-02-25T23:57:25 IST" duration-ms="305" status="PASS">
          <params>
            <param index="0">
              <value>
                <![CDATA[[TestResult name=TC_008_CheckoutWithoutAddingItems status=SUCCESS method=CheckoutTest.TC_008_CheckoutWithoutAddingItems()[pri:0, instance:tests.CheckoutTest@68e5eea7] output={null}]]]>
              </value>
            </param>
          </params>
          <reporter-output>
          </reporter-output>
        </test-method> <!-- tearDown -->
      </class> <!-- tests.CheckoutTest -->
    </test> <!-- Ecommerce Tests -->
  </suite> <!-- CP2 Suite -->
</testng-results>
