<?xml version="1.0" encoding="UTF-8"?>
<!-- Generated by org.testng.reporters.JUnitReportReporter -->
<testsuite hostname="LEGEND" failures="0" tests="3" name="tests.LoginTest" time="32.352" errors="0" timestamp="2026-02-25T23:57:26 IST" skipped="0">
  <testcase classname="tests.LoginTest" name="TC_002_InvalidPassword" time="16.301"/>
  <testcase classname="tests.LoginTest" name="TC_001_ValidLogin" time="13.021"/>
  <testcase classname="tests.LoginTest" name="TC_003_EmptyPassword" time="3.030"/>
</testsuite> <!-- tests.LoginTest -->
