<?xml version="1.0" encoding="UTF-8"?>
<!-- Generated by org.testng.reporters.JUnitReportReporter -->
<testsuite hostname="LEGEND" failures="0" tests="3" name="tests.AddToCartTest" time="22.638" errors="0" timestamp="2026-02-25T23:57:26 IST" skipped="0">
  <testcase classname="tests.AddToCartTest" name="TC_005_AddMultipleItems_VerifyCartCount" time="7.152"/>
  <testcase classname="tests.AddToCartTest" name="TC_006_RemoveItemFromCart" time="7.971"/>
  <testcase classname="tests.AddToCartTest" name="TC_004_AddSingleItem" time="7.515"/>
</testsuite> <!-- tests.AddToCartTest -->
