<?xml version="1.0" encoding="UTF-8"?>
<!-- Generated by org.testng.reporters.JUnitXMLReporter -->
<testsuite ignored="4" hostname="LEGEND" failures="0" tests="8" name="Ecommerce Tests" time="72.718" errors="0" timestamp="2026-02-25T23:57:25 IST">
  <testcase classname="tests.LoginTest" name="TC_001_ValidLogin" time="1.139"/>
  <testcase classname="tests.LoginTest" name="TC_002_InvalidPassword" time="10.889"/>
  <testcase classname="tests.LoginTest" name="TC_003_EmptyPassword" time="0.947"/>
  <testcase classname="tests.AddToCartTest" name="TC_004_AddSingleItem" time="5.528"/>
  <testcase classname="tests.AddToCartTest" name="TC_005_AddMultipleItems_VerifyCartCount" time="5.028"/>
  <testcase classname="tests.AddToCartTest" name="TC_006_RemoveItemFromCart" time="5.467"/>
  <testcase classname="tests.CheckoutTest" name="TC_007_PlaceOrderWithValidDetails" time="3.735"/>
  <testcase classname="tests.CheckoutTest" name="TC_008_CheckoutWithoutAddingItems" time="5.818"/>
  <testcase classname="utils.BaseTest" name="@AfterSuite flushReport" time="0.0">
    <ignored/>
  </testcase> <!-- @AfterSuite flushReport -->
  <testcase classname="utils.BaseTest" name="@BeforeSuite setupReport" time="0.0">
    <ignored/>
  </testcase> <!-- @BeforeSuite setupReport -->
  <testcase classname="utils.BaseTest" name="@AfterSuite flushReport" time="0.0">
    <ignored/>
  </testcase> <!-- @AfterSuite flushReport -->
  <testcase classname="utils.BaseTest" name="@BeforeSuite setupReport" time="0.0">
    <ignored/>
  </testcase> <!-- @BeforeSuite setupReport -->
</testsuite> <!-- Ecommerce Tests -->
